Running server version 2.44
Initializing...
Server listening on port 4444
Server listening on port 4445
Server listening on port 4567
Server listening on port 6969
Server listening on port 60385
Server listening on port 32000
Running server version 2.44
Initializing...
Server listening on port 4444
Server listening on port 4445
Server listening on port 4567
Server listening on port 6969
Server listening on port 60385
Server listening on port 32000
Running server version 2.44
Running server version 2.44
Logging levels in effect: info, debug, error, info
Settings loaded from settings.json. [info]
Initializing...
Creating FFA game. [info]
ok [debug]
Server listening on port 4444
Server listening on port 4445
Server listening on port 4567
Server listening on port 6969
Server listening on port 60385
Server listening on port 32000
Client connected! [debug]
Waiting for call sign. [debug]
New connection, call sign is diamond. [info]
ok [debug]
Listening for connection on port 4444 [info]
diamond disconnected [info]
